<?xml version="1.0" encoding="UTF-8"?>
<testsuite name="com.example.bitcoin.BitcoinApplicationTests" tests="1" skipped="0" failures="0" errors="0" timestamp="2024-06-11T05:29:15" hostname="DESKTOP-O4JRRER" time="1.326">
  <properties/>
  <testcase name="contextLoads()" classname="com.example.bitcoin.BitcoinApplicationTests" time="1.326"/>
  <system-out><![CDATA[14:29:00.758 [Test worker] INFO org.springframework.test.context.support.AnnotationConfigContextLoaderUtils -- Could not detect default configuration classes for test class [com.example.bitcoin.BitcoinApplicationTests]: BitcoinApplicationTests does not declare any static, non-private, non-final, nested classes annotated with @Configuration.
14:29:01.019 [Test worker] INFO org.springframework.boot.test.context.SpringBootTestContextBootstrapper -- Found @SpringBootConfiguration com.example.bitcoin.BitcoinApplication for test class com.example.bitcoin.BitcoinApplicationTests

  .   ____          _            __ _ _
 /\\ / ___'_ __ _ _(_)_ __  __ _ \ \ \ \
( ( )\___ | '_ | '_| | '_ \/ _` | \ \ \ \
 \\/  ___)| |_)| | | | | || (_| |  ) ) ) )
  '  |____| .__|_| |_|_| |_\__, | / / / /
 =========|_|==============|___/=/_/_/_/
 :: Spring Boot ::                (v3.2.5)

2024-06-11T14:29:02.162+09:00  WARN 17068 --- [    Test worker] ory$DuplicateJsonObjectContextCustomizer : 

Found multiple occurrences of org.json.JSONObject on the class path:

	jar:file:/C:/Users/7666/.gradle/caches/modules-2/files-2.1/org.json/json/20200518/41a767de4bde8f01d53856b905c49b2db8862f13/json-20200518.jar!/org/json/JSONObject.class
	jar:file:/C:/Users/7666/.gradle/caches/modules-2/files-2.1/com.vaadin.external.google/android-json/0.0.20131108.vaadin1/fa26d351fe62a6a17f5cda1287c1c6110dec413f/android-json-0.0.20131108.vaadin1.jar!/org/json/JSONObject.class

You may wish to exclude one of them to ensure predictable runtime behavior

2024-06-11T14:29:02.189+09:00  INFO 17068 --- [    Test worker] c.e.bitcoin.BitcoinApplicationTests      : Starting BitcoinApplicationTests using Java 17.0.8 with PID 17068 (started by 7666 in C:\workspace\bitcoin)
2024-06-11T14:29:02.192+09:00  INFO 17068 --- [    Test worker] c.e.bitcoin.BitcoinApplicationTests      : No active profile set, falling back to 1 default profile: "default"
2024-06-11T14:29:04.549+09:00  INFO 17068 --- [    Test worker] .s.d.r.c.RepositoryConfigurationDelegate : Bootstrapping Spring Data JPA repositories in DEFAULT mode.
2024-06-11T14:29:04.795+09:00  INFO 17068 --- [    Test worker] .s.d.r.c.RepositoryConfigurationDelegate : Finished Spring Data repository scanning in 222 ms. Found 11 JPA repository interfaces.
2024-06-11T14:29:06.551+09:00  INFO 17068 --- [    Test worker] o.hibernate.jpa.internal.util.LogHelper  : HHH000204: Processing PersistenceUnitInfo [name: default]
2024-06-11T14:29:06.755+09:00  INFO 17068 --- [    Test worker] org.hibernate.Version                    : HHH000412: Hibernate ORM core version 6.4.4.Final
2024-06-11T14:29:06.867+09:00  INFO 17068 --- [    Test worker] o.h.c.internal.RegionFactoryInitiator    : HHH000026: Second-level cache disabled
2024-06-11T14:29:07.656+09:00  INFO 17068 --- [    Test worker] o.s.o.j.p.SpringPersistenceUnitInfo      : No LoadTimeWeaver setup: ignoring JPA class transformer
2024-06-11T14:29:07.730+09:00  INFO 17068 --- [    Test worker] com.zaxxer.hikari.HikariDataSource       : HikariPool-1 - Starting...
2024-06-11T14:29:08.218+09:00  INFO 17068 --- [    Test worker] com.zaxxer.hikari.pool.HikariPool        : HikariPool-1 - Added connection com.mysql.cj.jdbc.ConnectionImpl@4fafd27e
2024-06-11T14:29:08.225+09:00  INFO 17068 --- [    Test worker] com.zaxxer.hikari.HikariDataSource       : HikariPool-1 - Start completed.
2024-06-11T14:29:10.655+09:00  INFO 17068 --- [    Test worker] o.h.e.t.j.p.i.JtaPlatformInitiator       : HHH000489: No JTA platform available (set 'hibernate.transaction.jta.platform' to enable JTA platform integration)
2024-06-11T14:29:10.861+09:00  INFO 17068 --- [    Test worker] j.LocalContainerEntityManagerFactoryBean : Initialized JPA EntityManagerFactory for persistence unit 'default'
2024-06-11T14:29:11.405+09:00  INFO 17068 --- [    Test worker] o.s.d.j.r.query.QueryEnhancerFactory     : Hibernate is in classpath; If applicable, HQL parser will be used.
2024-06-11T14:29:12.987+09:00  INFO 17068 --- [    Test worker] c.example.bitcoin.service.LuckyService   : os: windows 11
2024-06-11T14:29:13.320+09:00 DEBUG 17068 --- [    Test worker] org.hibernate.SQL                        : 
    select
        v1_0.visitor_id,
        v1_0.daily_count,
        v1_0.date,
        v1_0.total_count 
    from
        visitor v1_0 
    where
        v1_0.date=?
Hibernate: 
    select
        v1_0.visitor_id,
        v1_0.daily_count,
        v1_0.date,
        v1_0.total_count 
    from
        visitor v1_0 
    where
        v1_0.date=?
2024-06-11T14:29:13.920+09:00 DEBUG 17068 --- [    Test worker] swordEncoderAuthenticationManagerBuilder : No authenticationProviders and no parentAuthenticationManager defined. Returning null.
2024-06-11T14:29:14.359+09:00  INFO 17068 --- [    Test worker] o.s.b.a.w.s.WelcomePageHandlerMapping    : Adding welcome page template: index
2024-06-11T14:29:14.719+09:00 DEBUG 17068 --- [    Test worker] edFilterInvocationSecurityMetadataSource : Adding web access control expression [permitAll] for any request
2024-06-11T14:29:14.779+09:00  INFO 17068 --- [    Test worker] o.s.s.web.DefaultSecurityFilterChain     : Will secure any request with [org.springframework.security.web.session.DisableEncodeUrlFilter@256edef4, org.springframework.security.web.context.request.async.WebAsyncManagerIntegrationFilter@3d8bf514, org.springframework.security.web.context.SecurityContextHolderFilter@6499fda5, org.springframework.security.web.header.HeaderWriterFilter@725d3fcc, org.springframework.web.filter.CorsFilter@52a42e0f, org.springframework.security.web.csrf.CsrfFilter@3f707d71, org.springframework.security.web.authentication.logout.LogoutFilter@4201bd3, org.springframework.security.web.savedrequest.RequestCacheAwareFilter@135de93b, org.springframework.security.web.servletapi.SecurityContextHolderAwareRequestFilter@6d1953e4, org.springframework.security.web.authentication.AnonymousAuthenticationFilter@32be0ebd, org.springframework.security.web.access.ExceptionTranslationFilter@3593a38d, org.springframework.security.web.access.intercept.FilterSecurityInterceptor@639f6a0d]
2024-06-11T14:29:15.852+09:00  INFO 17068 --- [    Test worker] o.s.m.s.b.SimpleBrokerMessageHandler     : Starting...
2024-06-11T14:29:15.855+09:00  INFO 17068 --- [    Test worker] o.s.m.s.b.SimpleBrokerMessageHandler     : BrokerAvailabilityEvent[available=true, SimpleBrokerMessageHandler [org.springframework.messaging.simp.broker.DefaultSubscriptionRegistry@34fcbc36]]
2024-06-11T14:29:15.858+09:00  INFO 17068 --- [    Test worker] o.s.m.s.b.SimpleBrokerMessageHandler     : Started.
2024-06-11T14:29:15.895+09:00  INFO 17068 --- [    Test worker] c.e.bitcoin.BitcoinApplicationTests      : Started BitcoinApplicationTests in 14.424 seconds (process running for 17.546)
]]></system-out>
  <system-err><![CDATA[]]></system-err>
</testsuite>
